[debug] [2025-07-31T09:19:16.931Z] ----------------------------------------------------------------------
[debug] [2025-07-31T09:19:16.965Z] Command:       C:\Program Files\nodejs\node.exe C:\Users\Mudita\AppData\Roaming\npm\node_modules\firebase-tools\lib\bin\firebase.js deploy
[debug] [2025-07-31T09:19:16.967Z] CLI Version:   14.9.0
[debug] [2025-07-31T09:19:16.967Z] Platform:      win32
[debug] [2025-07-31T09:19:16.968Z] Node Version:  v22.15.1
[debug] [2025-07-31T09:19:16.970Z] Time:          Thu Jul 31 2025 09:19:16 GMT+0000 (Greenwich Mean Time)
[debug] [2025-07-31T09:19:16.971Z] ----------------------------------------------------------------------
[debug] 
[debug] [2025-07-31T09:19:17.909Z] > command requires scopes: ["email","openid","https://www.googleapis.com/auth/cloudplatformprojects.readonly","https://www.googleapis.com/auth/firebase","https://www.googleapis.com/auth/cloud-platform"]
[debug] [2025-07-31T09:19:17.910Z] > authorizing via signed-in user (immanuelderry31@gmail.com)
[debug] [2025-07-31T09:19:17.911Z] [iam] checking project school-52f23 for permissions ["firebase.projects.get","firebasehosting.sites.update"]
[debug] [2025-07-31T09:19:17.915Z] Checked if tokens are valid: true, expires at: 1753954833706
[debug] [2025-07-31T09:19:17.916Z] Checked if tokens are valid: true, expires at: 1753954833706
[debug] [2025-07-31T09:19:17.919Z] >>> [apiv2][query] POST https://cloudresourcemanager.googleapis.com/v1/projects/school-52f23:testIamPermissions [none]
[debug] [2025-07-31T09:19:17.920Z] >>> [apiv2][(partial)header] POST https://cloudresourcemanager.googleapis.com/v1/projects/school-52f23:testIamPermissions x-goog-quota-user=projects/school-52f23
[debug] [2025-07-31T09:19:17.921Z] >>> [apiv2][body] POST https://cloudresourcemanager.googleapis.com/v1/projects/school-52f23:testIamPermissions {"permissions":["firebase.projects.get","firebasehosting.sites.update"]}
[debug] [2025-07-31T09:19:18.250Z] *** [apiv2] error from fetch(https://cloudresourcemanager.googleapis.com/v1/projects/school-52f23:testIamPermissions, {"headers":{},"method":"POST","body":"{\"permissions\":[\"firebase.projects.get\",\"firebasehosting.sites.update\"]}"}): FetchError: request to https://cloudresourcemanager.googleapis.com/v1/projects/school-52f23:testIamPermissions failed, reason: getaddrinfo ENOTFOUND cloudresourcemanager.googleapis.com
[debug] [2025-07-31T09:19:18.252Z] [iam] error while checking permissions, command may fail: Failed to make request to https://cloudresourcemanager.googleapis.com/v1/projects/school-52f23:testIamPermissions
[debug] [2025-07-31T09:19:18.254Z] Checked if tokens are valid: true, expires at: 1753954833706
[debug] [2025-07-31T09:19:18.254Z] Checked if tokens are valid: true, expires at: 1753954833706
[debug] [2025-07-31T09:19:18.255Z] >>> [apiv2][query] GET https://firebase.googleapis.com/v1beta1/projects/school-52f23 [none]
[debug] [2025-07-31T09:19:18.322Z] *** [apiv2] error from fetch(https://firebase.googleapis.com/v1beta1/projects/school-52f23, {"headers":{},"method":"GET","signal":{}}): FetchError: request to https://firebase.googleapis.com/v1beta1/projects/school-52f23 failed, reason: getaddrinfo ENOTFOUND firebase.googleapis.com
[debug] [2025-07-31T09:19:18.325Z] Failed to make request to https://firebase.googleapis.com/v1beta1/projects/school-52f23 (original: request to https://firebase.googleapis.com/v1beta1/projects/school-52f23 failed, reason: getaddrinfo ENOTFOUND firebase.googleapis.com)
[error] 
[error] Error: Assertion failed: resolving hosting target of a site with no site name or target name. This should have caused an error earlier
